# JRE version: OpenJDK Runtime Environment (8.0_202-b03) (build 1.8.0_202-release-1483-b03)
# Java VM: OpenJDK 64-Bit Server VM (25.202-b03 mixed mode windows-amd64 compressed oops)
Heap:
 PSYoungGen      total 294912K, used 227706K [0x00000000e0000000, 0x00000000f4a00000, 0x0000000100000000)
  eden space 261120K, 83% used [0x00000000e0000000,0x00000000ed5ceb10,0x00000000eff00000)
  from space 33792K, 25% used [0x00000000f2900000,0x00000000f3190020,0x00000000f4a00000)
  to   space 38400K, 0% used [0x00000000eff00000,0x00000000eff00000,0x00000000f2480000)
 ParOldGen       total 125440K, used 65115K [0x00000000a0000000, 0x00000000a7a80000, 0x00000000e0000000)
  object space 125440K, 51% used [0x00000000a0000000,0x00000000a3f96e08,0x00000000a7a80000)
 Metaspace       used 99380K, capacity 106161K, committed 106584K, reserved 1142784K
  class space    used 12684K, capacity 13829K, committed 13952K, reserved 1048576K
GC Heap History (10 events):
Event: 6947.177 GC heap before
{Heap before GC invocations=72 (full 6):
 PSYoungGen      total 246784K, used 217147K [0x00000000e0000000, 0x00000000f2480000, 0x0000000100000000)
  eden space 208384K, 100% used [0x00000000e0000000,0x00000000ecb80000,0x00000000ecb80000)
  from space 38400K, 22% used [0x00000000ecb80000,0x00000000ed40ef58,0x00000000ef100000)
  to   space 36352K, 0% used [0x00000000f0100000,0x00000000f0100000,0x00000000f2480000)
 ParOldGen       total 125440K, used 59313K [0x00000000a0000000, 0x00000000a7a80000, 0x00000000e0000000)
  object space 125440K, 47% used [0x00000000a0000000,0x00000000a39ec7c0,0x00000000a7a80000)
 Metaspace       used 91908K, capacity 97572K, committed 97752K, reserved 1134592K
  class space    used 11746K, capacity 12768K, committed 12800K, reserved 1048576K
Event: 6947.278 GC heap after
Heap after GC invocations=72 (full 6):
 PSYoungGen      total 254976K, used 7377K [0x00000000e0000000, 0x00000000f1f00000, 0x0000000100000000)
  eden space 224256K, 0% used [0x00000000e0000000,0x00000000e0000000,0x00000000edb00000)
  from space 30720K, 24% used [0x00000000f0100000,0x00000000f0834488,0x00000000f1f00000)
  to   space 34816K, 0% used [0x00000000edb00000,0x00000000edb00000,0x00000000efd00000)
 ParOldGen       total 125440K, used 59313K [0x00000000a0000000, 0x00000000a7a80000, 0x00000000e0000000)
  object space 125440K, 47% used [0x00000000a0000000,0x00000000a39ec7c0,0x00000000a7a80000)
 Metaspace       used 91908K, capacity 97572K, committed 97752K, reserved 1134592K
  class space    used 11746K, capacity 12768K, committed 12800K, reserved 1048576K
}
Event: 6983.429 GC heap before
{Heap before GC invocations=73 (full 6):
 PSYoungGen      total 254976K, used 231633K [0x00000000e0000000, 0x00000000f1f00000, 0x0000000100000000)
  eden space 224256K, 100% used [0x00000000e0000000,0x00000000edb00000,0x00000000edb00000)
  from space 30720K, 24% used [0x00000000f0100000,0x00000000f0834488,0x00000000f1f00000)
  to   space 34816K, 0% used [0x00000000edb00000,0x00000000edb00000,0x00000000efd00000)
 ParOldGen       total 125440K, used 59313K [0x00000000a0000000, 0x00000000a7a80000, 0x00000000e0000000)
  object space 125440K, 47% used [0x00000000a0000000,0x00000000a39ec7c0,0x00000000a7a80000)
 Metaspace       used 92072K, capacity 97964K, committed 98136K, reserved 1134592K
  class space    used 11770K, capacity 12812K, committed 12928K, reserved 1048576K
Event: 6983.656 GC heap after
Heap after GC invocations=73 (full 6):
 PSYoungGen      total 259072K, used 6721K [0x00000000e0000000, 0x00000000f2e80000, 0x0000000100000000)
  eden space 224256K, 0% used [0x00000000e0000000,0x00000000e0000000,0x00000000edb00000)
  from space 34816K, 19% used [0x00000000edb00000,0x00000000ee190498,0x00000000efd00000)
  to   space 33792K, 0% used [0x00000000f0d80000,0x00000000f0d80000,0x00000000f2e80000)
 ParOldGen       total 125440K, used 59321K [0x00000000a0000000, 0x00000000a7a80000, 0x00000000e0000000)
  object space 125440K, 47% used [0x00000000a0000000,0x00000000a39ee7c0,0x00000000a7a80000)
 Metaspace       used 92072K, capacity 97964K, committed 98136K, reserved 1134592K
  class space    used 11770K, capacity 12812K, committed 12928K, reserved 1048576K
}
Event: 7041.455 GC heap before
{Heap before GC invocations=74 (full 6):
 PSYoungGen      total 259072K, used 230977K [0x00000000e0000000, 0x00000000f2e80000, 0x0000000100000000)
  eden space 224256K, 100% used [0x00000000e0000000,0x00000000edb00000,0x00000000edb00000)
  from space 34816K, 19% used [0x00000000edb00000,0x00000000ee190498,0x00000000efd00000)
  to   space 33792K, 0% used [0x00000000f0d80000,0x00000000f0d80000,0x00000000f2e80000)
 ParOldGen       total 125440K, used 59321K [0x00000000a0000000, 0x00000000a7a80000, 0x00000000e0000000)
  object space 125440K, 47% used [0x00000000a0000000,0x00000000a39ee7c0,0x00000000a7a80000)
 Metaspace       used 92265K, capacity 98190K, committed 98392K, reserved 1134592K
  class space    used 11790K, capacity 12849K, committed 12928K, reserved 1048576K
Event: 7041.555 GC heap after
Heap after GC invocations=74 (full 6):
 PSYoungGen      total 269824K, used 6465K [0x00000000e0000000, 0x00000000f2a00000, 0x0000000100000000)
  eden space 240640K, 0% used [0x00000000e0000000,0x00000000e0000000,0x00000000eeb00000)
  from space 29184K, 22% used [0x00000000f0d80000,0x00000000f13d0498,0x00000000f2a00000)
  to   space 32256K, 0% used [0x00000000eeb00000,0x00000000eeb00000,0x00000000f0a80000)
 ParOldGen       total 125440K, used 59329K [0x00000000a0000000, 0x00000000a7a80000, 0x00000000e0000000)
  object space 125440K, 47% used [0x00000000a0000000,0x00000000a39f07c0,0x00000000a7a80000)
 Metaspace       used 92265K, capacity 98190K, committed 98392K, reserved 1134592K
  class space    used 11790K, capacity 12849K, committed 12928K, reserved 1048576K
}
Event: 7091.844 GC heap before
{Heap before GC invocations=75 (full 6):
 PSYoungGen      total 269824K, used 247105K [0x00000000e0000000, 0x00000000f2a00000, 0x0000000100000000)
  eden space 240640K, 100% used [0x00000000e0000000,0x00000000eeb00000,0x00000000eeb00000)
  from space 29184K, 22% used [0x00000000f0d80000,0x00000000f13d0498,0x00000000f2a00000)
  to   space 32256K, 0% used [0x00000000eeb00000,0x00000000eeb00000,0x00000000f0a80000)
 ParOldGen       total 125440K, used 59329K [0x00000000a0000000, 0x00000000a7a80000, 0x00000000e0000000)
  object space 125440K, 47% used [0x00000000a0000000,0x00000000a39f07c0,0x00000000a7a80000)
 Metaspace       used 92357K, capacity 98364K, committed 98648K, reserved 1134592K
  class space    used 11794K, capacity 12856K, committed 12928K, reserved 1048576K
Event: 7092.627 GC heap after
Heap after GC invocations=75 (full 6):
 PSYoungGen      total 272896K, used 32242K [0x00000000e0000000, 0x00000000f5000000, 0x0000000100000000)
  eden space 240640K, 0% used [0x00000000e0000000,0x00000000e0000000,0x00000000eeb00000)
  from space 32256K, 99% used [0x00000000eeb00000,0x00000000f0a7cbd8,0x00000000f0a80000)
  to   space 39936K, 0% used [0x00000000f2900000,0x00000000f2900000,0x00000000f5000000)
 ParOldGen       total 125440K, used 64667K [0x00000000a0000000, 0x00000000a7a80000, 0x00000000e0000000)
  object space 125440K, 51% used [0x00000000a0000000,0x00000000a3f26e08,0x00000000a7a80000)
 Metaspace       used 92357K, capacity 98364K, committed 98648K, reserved 1134592K
  class space    used 11794K, capacity 12856K, committed 12928K, reserved 1048576K
}
Event: 7480.214 GC heap before
{Heap before GC invocations=76 (full 6):
 PSYoungGen      total 272896K, used 272882K [0x00000000e0000000, 0x00000000f5000000, 0x0000000100000000)
  eden space 240640K, 100% used [0x00000000e0000000,0x00000000eeb00000,0x00000000eeb00000)
  from space 32256K, 99% used [0x00000000eeb00000,0x00000000f0a7cbd8,0x00000000f0a80000)
  to   space 39936K, 0% used [0x00000000f2900000,0x00000000f2900000,0x00000000f5000000)
 ParOldGen       total 125440K, used 64667K [0x00000000a0000000, 0x00000000a7a80000, 0x00000000e0000000)
  object space 125440K, 51% used [0x00000000a0000000,0x00000000a3f26e08,0x00000000a7a80000)
 Metaspace       used 92598K, capacity 98832K, committed 98904K, reserved 1134592K
  class space    used 11820K, capacity 12902K, committed 12928K, reserved 1048576K
Event: 7480.279 GC heap after
Heap after GC invocations=76 (full 6):
 PSYoungGen      total 294912K, used 8768K [0x00000000e0000000, 0x00000000f4a00000, 0x0000000100000000)
  eden space 261120K, 0% used [0x00000000e0000000,0x00000000e0000000,0x00000000eff00000)
  from space 33792K, 25% used [0x00000000f2900000,0x00000000f3190020,0x00000000f4a00000)
  to   space 38400K, 0% used [0x00000000eff00000,0x00000000eff00000,0x00000000f2480000)
 ParOldGen       total 125440K, used 65115K [0x00000000a0000000, 0x00000000a7a80000, 0x00000000e0000000)
  object space 125440K, 51% used [0x00000000a0000000,0x00000000a3f96e08,0x00000000a7a80000)
 Metaspace       used 92598K, capacity 98832K, committed 98904K, reserved 1134592K
  class space    used 11820K, capacity 12902K, committed 12928K, reserved 1048576K
}

